<?xml version="1.0" encoding="UTF-8"?>
<testsuite name="qptsfg.servicecontract.combine.PTS FlagQueryGroup TestSuite" tests="4" failures="0" errors="0" time="4.77">
    <properties>
[...]
</properties>
    <testcase name="listInvestigationClientsQuery TestCase" time="2.775">
        <properties />
    </testcase>
    <testcase name="listPTSorCasesQuery TestCase" time="0.724">
        <properties />
    </testcase>
    <testcase name="listPTSorClientsQuery TestCase" time="0.579">
        <properties />
    </testcase>
    <testcase name="listSupervisionClientsQuery TestCase" time="0.692">
        <properties />
    </testcase>
</testsuite>